Using pre-set license
Built from '2020.3/staging' branch; Version is '2020.3.8f1 (507919d4fff5) revision 5273881'; Using compiler version '192528614'; Build Type 'Release'
OS: 'Windows 10 Home Single Language; OS build 22621.2262; Version 2009; 64bit' Language: 'en' Physical Memory: 16082 MB
BatchMode: 1, IsHumanControllingUs: 0, StartBugReporterOnCrash: 0, Is64bit: 1, IsPro: 0

 COMMAND LINE ARGUMENTS:
C:\Program Files\Unity Hub\Editor\2020.3.8f1\Editor\Unity.exe
-adb2
-batchMode
-noUpm
-name
AssetImportWorker0
-projectPath
C:/Users/admin/Desktop/Adventuer/BeeAdventure
-logFile
Logs/AssetImportWorker0.log
-srvPort
60798
Successfully changed project path to: C:/Users/admin/Desktop/Adventuer/BeeAdventure
C:/Users/admin/Desktop/Adventuer/BeeAdventure
Using Asset Import Pipeline V2.
Refreshing native plugins compatible for Editor in 49.65 ms, found 1 plugins.
Preloading 0 native plugins for Editor in 0.00 ms.
Initialize engine version: 2020.3.8f1 (507919d4fff5)
[Subsystems] Discovering subsystems at path C:/Program Files/Unity Hub/Editor/2020.3.8f1/Editor/Data/Resources/UnitySubsystems
[Subsystems] Discovering subsystems at path C:/Users/admin/Desktop/Adventuer/BeeAdventure/Assets
GfxDevice: creating device client; threaded=0
Direct3D:
    Version:  Direct3D 11.0 [level 11.1]
    Renderer: Intel(R) Iris(R) Xe Graphics (ID=0x9a49)
    Vendor:   
    VRAM:     8041 MB
    Driver:   31.0.101.4255
Initialize mono
Mono path[0] = 'C:/Program Files/Unity Hub/Editor/2020.3.8f1/Editor/Data/Managed'
Mono path[1] = 'C:/Program Files/Unity Hub/Editor/2020.3.8f1/Editor/Data/MonoBleedingEdge/lib/mono/unityjit'
Mono config path = 'C:/Program Files/Unity Hub/Editor/2020.3.8f1/Editor/Data/MonoBleedingEdge/etc'
Using monoOptions --debugger-agent=transport=dt_socket,embedding=1,server=y,suspend=n,address=127.0.0.1:56848
Begin MonoManager ReloadAssembly
Registering precompiled unity dll's ...
Register platform support module: C:/Program Files/Unity Hub/Editor/2020.3.8f1/Editor/Data/PlaybackEngines/WindowsStandaloneSupport/UnityEditor.WindowsStandalone.Extensions.dll
Registered in 0.001709 seconds.
Native extension for WindowsStandalone target not found
Refreshing native plugins compatible for Editor in 41.26 ms, found 1 plugins.
Preloading 0 native plugins for Editor in 0.00 ms.
Mono: successfully reloaded assembly
- Completed reload, in  1.391 seconds
Platform modules already initialized, skipping
Registering precompiled user dll's ...
Registered in 0.002027 seconds.
Begin MonoManager ReloadAssembly
Native extension for WindowsStandalone target not found
Refreshing native plugins compatible for Editor in 43.48 ms, found 1 plugins.
Preloading 0 native plugins for Editor in 0.00 ms.
Mono: successfully reloaded assembly
- Completed reload, in  1.072 seconds
Platform modules already initialized, skipping
========================================================================
Worker process is ready to serve import requests
Launched and connected shader compiler UnityShaderCompiler.exe after 0.08 seconds
Refreshing native plugins compatible for Editor in 0.50 ms, found 1 plugins.
Preloading 0 native plugins for Editor in 0.00 ms.
Unloading 1840 Unused Serialized files (Serialized files now loaded: 0)
System memory in use before: 87.7 MB.
System memory in use after: 87.8 MB.

Unloading 19 unused Assets to reduce memory usage. Loaded Objects now: 2289.
Total: 2.443100 ms (FindLiveObjects: 0.163000 ms CreateObjectMapping: 0.047300 ms MarkObjects: 2.055700 ms  DeleteObjects: 0.175300 ms)

========================================================================
Received Import Request.
  path: Assets/Scenes/BattleScene.unity
  artifactKey: Guid(0a2529b1b59314c4fb325307912d238e) Importer(815301076,1909f56bfc062723c751e8b465ee728b)
Start importing Assets/Scenes/BattleScene.unity using Guid(0a2529b1b59314c4fb325307912d238e) Importer(815301076,1909f56bfc062723c751e8b465ee728b)  -> (artifact id: '3f75236f7ceede4660619100d9b0b692') in 0.025912 seconds
  Import took 0.030657 seconds .

========================================================================
Received Prepare
Refreshing native plugins compatible for Editor in 17.15 ms, found 1 plugins.
Preloading 0 native plugins for Editor in 0.00 ms.
Unloading 5 Unused Serialized files (Serialized files now loaded: 0)
System memory in use before: 49.9 MB.
System memory in use after: 50.0 MB.

Unloading 5 unused Assets to reduce memory usage. Loaded Objects now: 2289.
Total: 8.548900 ms (FindLiveObjects: 0.271900 ms CreateObjectMapping: 0.098500 ms MarkObjects: 8.120800 ms  DeleteObjects: 0.055500 ms)

========================================================================
Received Prepare
Registering precompiled user dll's ...
Registered in 0.002018 seconds.
Begin MonoManager ReloadAssembly
Native extension for WindowsStandalone target not found
Refreshing native plugins compatible for Editor in 0.96 ms, found 1 plugins.
Preloading 0 native plugins for Editor in 0.00 ms.
Mono: successfully reloaded assembly
- Completed reload, in  7.455 seconds
Platform modules already initialized, skipping
Refreshing native plugins compatible for Editor in 0.68 ms, found 1 plugins.
Preloading 0 native plugins for Editor in 0.00 ms.
Unloading 1817 Unused Serialized files (Serialized files now loaded: 0)
System memory in use before: 85.9 MB.
System memory in use after: 86.0 MB.

Unloading 7 unused Assets to reduce memory usage. Loaded Objects now: 2293.
Total: 2.810300 ms (FindLiveObjects: 0.180600 ms CreateObjectMapping: 0.089800 ms MarkObjects: 2.492000 ms  DeleteObjects: 0.045400 ms)

========================================================================
Received Prepare
Refreshing native plugins compatible for Editor in 2.99 ms, found 1 plugins.
Preloading 0 native plugins for Editor in 0.00 ms.
Unloading 5 Unused Serialized files (Serialized files now loaded: 0)
System memory in use before: 50.1 MB.
System memory in use after: 50.2 MB.

Unloading 5 unused Assets to reduce memory usage. Loaded Objects now: 2293.
Total: 4.911200 ms (FindLiveObjects: 0.168300 ms CreateObjectMapping: 0.049400 ms MarkObjects: 4.643000 ms  DeleteObjects: 0.048300 ms)

========================================================================
Received Prepare
Refreshing native plugins compatible for Editor in 2.55 ms, found 1 plugins.
Preloading 0 native plugins for Editor in 0.00 ms.
Unloading 5 Unused Serialized files (Serialized files now loaded: 0)
System memory in use before: 50.1 MB.
System memory in use after: 50.2 MB.

Unloading 5 unused Assets to reduce memory usage. Loaded Objects now: 2293.
Total: 4.293000 ms (FindLiveObjects: 0.210600 ms CreateObjectMapping: 0.071900 ms MarkObjects: 3.972300 ms  DeleteObjects: 0.035900 ms)

========================================================================
Received Prepare
Refreshing native plugins compatible for Editor in 1.64 ms, found 1 plugins.
Preloading 0 native plugins for Editor in 0.00 ms.
Unloading 5 Unused Serialized files (Serialized files now loaded: 0)
System memory in use before: 50.1 MB.
System memory in use after: 50.2 MB.

Unloading 5 unused Assets to reduce memory usage. Loaded Objects now: 2293.
Total: 2.007500 ms (FindLiveObjects: 0.130300 ms CreateObjectMapping: 0.038900 ms MarkObjects: 1.804200 ms  DeleteObjects: 0.032700 ms)

========================================================================
Received Prepare
Refreshing native plugins compatible for Editor in 2.49 ms, found 1 plugins.
Preloading 0 native plugins for Editor in 0.00 ms.
Unloading 5 Unused Serialized files (Serialized files now loaded: 0)
System memory in use before: 50.1 MB.
System memory in use after: 50.2 MB.

Unloading 5 unused Assets to reduce memory usage. Loaded Objects now: 2293.
Total: 2.817700 ms (FindLiveObjects: 0.376300 ms CreateObjectMapping: 0.169500 ms MarkObjects: 2.230900 ms  DeleteObjects: 0.038900 ms)

========================================================================
Received Prepare
Refreshing native plugins compatible for Editor in 2.01 ms, found 1 plugins.
Preloading 0 native plugins for Editor in 0.00 ms.
Unloading 5 Unused Serialized files (Serialized files now loaded: 0)
System memory in use before: 50.1 MB.
System memory in use after: 50.2 MB.

Unloading 5 unused Assets to reduce memory usage. Loaded Objects now: 2293.
Total: 2.715500 ms (FindLiveObjects: 0.131100 ms CreateObjectMapping: 0.037300 ms MarkObjects: 2.517100 ms  DeleteObjects: 0.028200 ms)

========================================================================
Received Prepare
Refreshing native plugins compatible for Editor in 1.75 ms, found 1 plugins.
Preloading 0 native plugins for Editor in 0.00 ms.
Unloading 5 Unused Serialized files (Serialized files now loaded: 0)
System memory in use before: 50.1 MB.
System memory in use after: 50.2 MB.

Unloading 5 unused Assets to reduce memory usage. Loaded Objects now: 2293.
Total: 2.063400 ms (FindLiveObjects: 0.138600 ms CreateObjectMapping: 0.066200 ms MarkObjects: 1.829400 ms  DeleteObjects: 0.028000 ms)

========================================================================
Received Prepare
Registering precompiled user dll's ...
Registered in 0.001472 seconds.
Begin MonoManager ReloadAssembly
Native extension for WindowsStandalone target not found
Refreshing native plugins compatible for Editor in 0.94 ms, found 1 plugins.
Preloading 0 native plugins for Editor in 0.00 ms.
Mono: successfully reloaded assembly
- Completed reload, in  3.145 seconds
Platform modules already initialized, skipping
Refreshing native plugins compatible for Editor in 0.49 ms, found 1 plugins.
Preloading 0 native plugins for Editor in 0.00 ms.
Unloading 1817 Unused Serialized files (Serialized files now loaded: 0)
System memory in use before: 85.9 MB.
System memory in use after: 86.1 MB.

Unloading 7 unused Assets to reduce memory usage. Loaded Objects now: 2297.
Total: 3.487600 ms (FindLiveObjects: 0.346800 ms CreateObjectMapping: 0.140400 ms MarkObjects: 2.947900 ms  DeleteObjects: 0.048900 ms)

========================================================================
Received Prepare
Refreshing native plugins compatible for Editor in 2.15 ms, found 1 plugins.
Preloading 0 native plugins for Editor in 0.00 ms.
Unloading 5 Unused Serialized files (Serialized files now loaded: 0)
System memory in use before: 50.1 MB.
System memory in use after: 50.2 MB.

Unloading 5 unused Assets to reduce memory usage. Loaded Objects now: 2297.
Total: 1.636000 ms (FindLiveObjects: 0.121000 ms CreateObjectMapping: 0.033600 ms MarkObjects: 1.459700 ms  DeleteObjects: 0.020400 ms)

========================================================================
Received Prepare
Refreshing native plugins compatible for Editor in 2.23 ms, found 1 plugins.
Preloading 0 native plugins for Editor in 0.00 ms.
Unloading 5 Unused Serialized files (Serialized files now loaded: 0)
System memory in use before: 50.1 MB.
System memory in use after: 50.2 MB.

Unloading 5 unused Assets to reduce memory usage. Loaded Objects now: 2297.
Total: 4.381700 ms (FindLiveObjects: 0.269800 ms CreateObjectMapping: 0.277900 ms MarkObjects: 3.787200 ms  DeleteObjects: 0.044400 ms)

========================================================================
Received Import Request.
  Time since last request: 929.535890 seconds.
  path: Assets/Pixel Adventure 1/Scenes
  artifactKey: Guid(dbc7f956d9ee8744ba00759404b21d27) Importer(815301076,1909f56bfc062723c751e8b465ee728b)
Start importing Assets/Pixel Adventure 1/Scenes using Guid(dbc7f956d9ee8744ba00759404b21d27) Importer(815301076,1909f56bfc062723c751e8b465ee728b)  -> (artifact id: 'e61223f04169cc6be03e5d5ba40ddb61') in 0.023503 seconds
  Import took 0.027224 seconds .

========================================================================
Received Import Request.
  Time since last request: 4.001847 seconds.
  path: Assets/Pixel Adventure 1/Assets/Items/Fruits
  artifactKey: Guid(d8c3b8ef4ce4d06449ed14a7e7f164fd) Importer(815301076,1909f56bfc062723c751e8b465ee728b)
Start importing Assets/Pixel Adventure 1/Assets/Items/Fruits using Guid(d8c3b8ef4ce4d06449ed14a7e7f164fd) Importer(815301076,1909f56bfc062723c751e8b465ee728b)  -> (artifact id: '1209a92976dba136edf1e58db5db1070') in 0.025195 seconds
  Import took 0.029413 seconds .

========================================================================
Received Import Request.
  Time since last request: 0.001017 seconds.
  path: Assets/Pixel Adventure 1/Assets/Items/Fruits
  artifactKey: Guid(d8c3b8ef4ce4d06449ed14a7e7f164fd) Importer(815301076,1909f56bfc062723c751e8b465ee728b)
Start importing Assets/Pixel Adventure 1/Assets/Items/Fruits using Guid(d8c3b8ef4ce4d06449ed14a7e7f164fd) Importer(815301076,1909f56bfc062723c751e8b465ee728b)  -> (artifact id: '1209a92976dba136edf1e58db5db1070') in 0.006362 seconds
  Import took 0.011982 seconds .

========================================================================
Received Import Request.
  Time since last request: 52.172487 seconds.
  path: Assets/Animations/Another/StrawBerry.anim
  artifactKey: Guid(846e401ec1ef36e4fa23d4591f42534d) Importer(815301076,1909f56bfc062723c751e8b465ee728b)
Start importing Assets/Animations/Another/StrawBerry.anim using Guid(846e401ec1ef36e4fa23d4591f42534d) Importer(815301076,1909f56bfc062723c751e8b465ee728b)  -> (artifact id: '94aefdd8f9b83540e7e7845b45bc8032') in 0.093134 seconds
  Import took 0.096786 seconds .

========================================================================
Received Import Request.
  Time since last request: 88.841104 seconds.
  path: Assets/Animations/Another/WaterMelon.anim
  artifactKey: Guid(086650582de32a84783dfff5a0d1ac79) Importer(815301076,1909f56bfc062723c751e8b465ee728b)
Start importing Assets/Animations/Another/WaterMelon.anim using Guid(086650582de32a84783dfff5a0d1ac79) Importer(815301076,1909f56bfc062723c751e8b465ee728b)  -> (artifact id: 'f601e9ae440a47e46df47365ffad4590') in 0.020933 seconds
  Import took 0.025182 seconds .

========================================================================
Received Import Request.
  Time since last request: 120.737123 seconds.
  path: Assets/Animations/Another/Watermelon.controller
  artifactKey: Guid(9774be2bd4a66c6458a423ab96186c50) Importer(815301076,1909f56bfc062723c751e8b465ee728b)
Start importing Assets/Animations/Another/Watermelon.controller using Guid(9774be2bd4a66c6458a423ab96186c50) Importer(815301076,1909f56bfc062723c751e8b465ee728b)  -> (artifact id: 'b66473cd37a81e2b4137c611366d8bff') in 0.028614 seconds
  Import took 0.036069 seconds .

========================================================================
Received Import Request.
  Time since last request: 0.003860 seconds.
  path: Assets/Animations/Another/Watermelon.controller
  artifactKey: Guid(9774be2bd4a66c6458a423ab96186c50) Importer(815301076,1909f56bfc062723c751e8b465ee728b)
Start importing Assets/Animations/Another/Watermelon.controller using Guid(9774be2bd4a66c6458a423ab96186c50) Importer(815301076,1909f56bfc062723c751e8b465ee728b)  -> (artifact id: 'b66473cd37a81e2b4137c611366d8bff') in 0.006986 seconds
  Import took 0.015216 seconds .

========================================================================
Received Import Request.
  Time since last request: 15.688185 seconds.
  path: Assets/Animations/Another/Watermelon 1.controller
  artifactKey: Guid(02f1e73a1182b774b8be20235407875e) Importer(815301076,1909f56bfc062723c751e8b465ee728b)
Start importing Assets/Animations/Another/Watermelon 1.controller using Guid(02f1e73a1182b774b8be20235407875e) Importer(815301076,1909f56bfc062723c751e8b465ee728b)  -> (artifact id: '09ac53430b29e5af9eb0824c59f690f1') in 0.021849 seconds
  Import took 0.026424 seconds .

========================================================================
Received Prepare
Registering precompiled user dll's ...
Registered in 0.001804 seconds.
Begin MonoManager ReloadAssembly
Native extension for WindowsStandalone target not found
Refreshing native plugins compatible for Editor in 0.64 ms, found 1 plugins.
Preloading 0 native plugins for Editor in 0.00 ms.
Mono: successfully reloaded assembly
- Completed reload, in  5.606 seconds
Platform modules already initialized, skipping
Refreshing native plugins compatible for Editor in 0.42 ms, found 1 plugins.
Preloading 0 native plugins for Editor in 0.00 ms.
Unloading 1817 Unused Serialized files (Serialized files now loaded: 0)
System memory in use before: 86.0 MB.
System memory in use after: 86.1 MB.

Unloading 7 unused Assets to reduce memory usage. Loaded Objects now: 2301.
Total: 3.466700 ms (FindLiveObjects: 0.387500 ms CreateObjectMapping: 0.074900 ms MarkObjects: 2.962200 ms  DeleteObjects: 0.039200 ms)

========================================================================
Received Prepare
Refreshing native plugins compatible for Editor in 6.30 ms, found 1 plugins.
Preloading 0 native plugins for Editor in 0.00 ms.
Unloading 5 Unused Serialized files (Serialized files now loaded: 0)
System memory in use before: 50.2 MB.
System memory in use after: 50.3 MB.

Unloading 5 unused Assets to reduce memory usage. Loaded Objects now: 2301.
Total: 2.546600 ms (FindLiveObjects: 0.242600 ms CreateObjectMapping: 0.042700 ms MarkObjects: 2.230200 ms  DeleteObjects: 0.028200 ms)

========================================================================
Received Prepare
Refreshing native plugins compatible for Editor in 2.23 ms, found 1 plugins.
Preloading 0 native plugins for Editor in 0.00 ms.
Unloading 5 Unused Serialized files (Serialized files now loaded: 0)
System memory in use before: 50.2 MB.
System memory in use after: 50.3 MB.

Unloading 5 unused Assets to reduce memory usage. Loaded Objects now: 2301.
Total: 8.524900 ms (FindLiveObjects: 0.337800 ms CreateObjectMapping: 0.177600 ms MarkObjects: 7.942200 ms  DeleteObjects: 0.065100 ms)

========================================================================
Received Prepare
Refreshing native plugins compatible for Editor in 1.69 ms, found 1 plugins.
Preloading 0 native plugins for Editor in 0.00 ms.
Unloading 5 Unused Serialized files (Serialized files now loaded: 0)
System memory in use before: 50.2 MB.
System memory in use after: 50.3 MB.

Unloading 5 unused Assets to reduce memory usage. Loaded Objects now: 2301.
Total: 1.825800 ms (FindLiveObjects: 0.125800 ms CreateObjectMapping: 0.088800 ms MarkObjects: 1.582800 ms  DeleteObjects: 0.026800 ms)

========================================================================
Received Import Request.
  Time since last request: 2034.895741 seconds.
  path: Assets/Pixel Adventure 1/Assets/Background/z4644931676348_8eab2639aa0d923517c818136e0ee8f1.jpg
  artifactKey: Guid(5a25f59e51c523542bd37a34054dc630) Importer(815301076,1909f56bfc062723c751e8b465ee728b)
Start importing Assets/Pixel Adventure 1/Assets/Background/z4644931676348_8eab2639aa0d923517c818136e0ee8f1.jpg using Guid(5a25f59e51c523542bd37a34054dc630) Importer(815301076,1909f56bfc062723c751e8b465ee728b)  -> (artifact id: '4ac7d1bf2bd53b9ed7fc28675f856d09') in 0.242997 seconds
  Import took 0.251881 seconds .

========================================================================
Received Import Request.
  Time since last request: 7.115370 seconds.
  path: Assets/Pixel Adventure 1/Assets/Background/z4644931676348_8eab2639aa0d923517c818136e0ee8f1.jpg
  artifactKey: Guid(5a25f59e51c523542bd37a34054dc630) Importer(815301076,1909f56bfc062723c751e8b465ee728b)
Start importing Assets/Pixel Adventure 1/Assets/Background/z4644931676348_8eab2639aa0d923517c818136e0ee8f1.jpg using Guid(5a25f59e51c523542bd37a34054dc630) Importer(815301076,1909f56bfc062723c751e8b465ee728b)  -> (artifact id: 'aee56c6269f78e12a67716260d468562') in 0.057878 seconds
  Import took 0.064028 seconds .

========================================================================
Received Import Request.
  Time since last request: 25.791259 seconds.
  path: Assets/Pixel Adventure 1/Assets/Background/z4644931676348_8eab2639aa0d923517c818136e0ee8f1.jpg
  artifactKey: Guid(5a25f59e51c523542bd37a34054dc630) Importer(815301076,1909f56bfc062723c751e8b465ee728b)
Start importing Assets/Pixel Adventure 1/Assets/Background/z4644931676348_8eab2639aa0d923517c818136e0ee8f1.jpg using Guid(5a25f59e51c523542bd37a34054dc630) Importer(815301076,1909f56bfc062723c751e8b465ee728b)  -> (artifact id: 'e4840b1862a2b3836ea92497e74150c5') in 0.039982 seconds
  Import took 0.046119 seconds .

========================================================================
Received Prepare
Registering precompiled user dll's ...
Registered in 0.001209 seconds.
Begin MonoManager ReloadAssembly
Native extension for WindowsStandalone target not found
Refreshing native plugins compatible for Editor in 0.75 ms, found 1 plugins.
Preloading 0 native plugins for Editor in 0.00 ms.
Mono: successfully reloaded assembly
- Completed reload, in  1.225 seconds
Platform modules already initialized, skipping
Refreshing native plugins compatible for Editor in 0.63 ms, found 1 plugins.
Preloading 0 native plugins for Editor in 0.00 ms.
Unloading 1817 Unused Serialized files (Serialized files now loaded: 0)
System memory in use before: 89.1 MB.
System memory in use after: 89.2 MB.

Unloading 7 unused Assets to reduce memory usage. Loaded Objects now: 2311.
Total: 2.901100 ms (FindLiveObjects: 0.163500 ms CreateObjectMapping: 0.050900 ms MarkObjects: 2.640200 ms  DeleteObjects: 0.044700 ms)

========================================================================
Received Prepare
Registering precompiled user dll's ...
Registered in 0.001178 seconds.
Begin MonoManager ReloadAssembly
Native extension for WindowsStandalone target not found
Refreshing native plugins compatible for Editor in 0.49 ms, found 1 plugins.
Preloading 0 native plugins for Editor in 0.00 ms.
Mono: successfully reloaded assembly
- Completed reload, in  1.302 seconds
Platform modules already initialized, skipping
Refreshing native plugins compatible for Editor in 0.40 ms, found 1 plugins.
Preloading 0 native plugins for Editor in 0.00 ms.
Unloading 1817 Unused Serialized files (Serialized files now loaded: 0)
System memory in use before: 89.1 MB.
System memory in use after: 89.2 MB.

Unloading 7 unused Assets to reduce memory usage. Loaded Objects now: 2315.
Total: 5.610900 ms (FindLiveObjects: 0.272000 ms CreateObjectMapping: 0.191100 ms MarkObjects: 4.919000 ms  DeleteObjects: 0.219600 ms)

========================================================================
Received Import Request.
  Time since last request: 625.228444 seconds.
  path: Assets/Pixel Adventure 1/Assets/Background/z4644937004485_14c3f2faf043b44b71008e69bfa15549-removebg-preview.png
  artifactKey: Guid(29f2909875313184696d7fcc85c8df3e) Importer(815301076,1909f56bfc062723c751e8b465ee728b)
Start importing Assets/Pixel Adventure 1/Assets/Background/z4644937004485_14c3f2faf043b44b71008e69bfa15549-removebg-preview.png using Guid(29f2909875313184696d7fcc85c8df3e) Importer(815301076,1909f56bfc062723c751e8b465ee728b)  -> (artifact id: '3146c10de1e6381109cbf905f27876e3') in 0.155158 seconds
  Import took 0.164196 seconds .

========================================================================
Received Import Request.
  Time since last request: 11.069383 seconds.
  path: Assets/Pixel Adventure 1/Assets/Background/z4644937004485_14c3f2faf043b44b71008e69bfa15549-removebg-preview.png
  artifactKey: Guid(29f2909875313184696d7fcc85c8df3e) Importer(815301076,1909f56bfc062723c751e8b465ee728b)
Start importing Assets/Pixel Adventure 1/Assets/Background/z4644937004485_14c3f2faf043b44b71008e69bfa15549-removebg-preview.png using Guid(29f2909875313184696d7fcc85c8df3e) Importer(815301076,1909f56bfc062723c751e8b465ee728b)  -> (artifact id: '72b210f6b1d2d1cf1316e5b5d1c73db9') in 0.068039 seconds
  Import took 0.081891 seconds .

========================================================================
Received Import Request.
  Time since last request: 45.524056 seconds.
  path: Assets/Pixel Adventure 1/Assets/Background/z4644937004485_14c3f2faf043b44b71008e69bfa15549-removebg-preview.png
  artifactKey: Guid(29f2909875313184696d7fcc85c8df3e) Importer(815301076,1909f56bfc062723c751e8b465ee728b)
Start importing Assets/Pixel Adventure 1/Assets/Background/z4644937004485_14c3f2faf043b44b71008e69bfa15549-removebg-preview.png using Guid(29f2909875313184696d7fcc85c8df3e) Importer(815301076,1909f56bfc062723c751e8b465ee728b)  -> (artifact id: '2c6462294f008c0a817e0bf81696e044') in 0.058352 seconds
  Import took 0.074334 seconds .

========================================================================
Received Import Request.
  Time since last request: 167.650673 seconds.
  path: Assets/Pixel Adventure 1/Assets/Background/z4644937751549_48579b63c84fbdc9d76f2ff5088729ae.jpg
  artifactKey: Guid(6ab19622eb644d7498144ad2f2c11fdd) Importer(815301076,1909f56bfc062723c751e8b465ee728b)
Start importing Assets/Pixel Adventure 1/Assets/Background/z4644937751549_48579b63c84fbdc9d76f2ff5088729ae.jpg using Guid(6ab19622eb644d7498144ad2f2c11fdd) Importer(815301076,1909f56bfc062723c751e8b465ee728b)  -> (artifact id: '91d58146788b3ce96b8493dd3bdc3d67') in 0.076905 seconds
  Import took 0.089803 seconds .

========================================================================
Received Import Request.
  Time since last request: 7.666888 seconds.
  path: Assets/Pixel Adventure 1/Assets/Background/z4644937751549_48579b63c84fbdc9d76f2ff5088729ae.jpg
  artifactKey: Guid(6ab19622eb644d7498144ad2f2c11fdd) Importer(815301076,1909f56bfc062723c751e8b465ee728b)
Start importing Assets/Pixel Adventure 1/Assets/Background/z4644937751549_48579b63c84fbdc9d76f2ff5088729ae.jpg using Guid(6ab19622eb644d7498144ad2f2c11fdd) Importer(815301076,1909f56bfc062723c751e8b465ee728b)  -> (artifact id: '250dd8a3b3a3e74cace3e7d24a858dd9') in 0.058802 seconds
  Import took 0.065100 seconds .

========================================================================
Received Import Request.
  Time since last request: 23.153636 seconds.
  path: Assets/Pixel Adventure 1/Assets/Background/z4644937751549_48579b63c84fbdc9d76f2ff5088729ae.jpg
  artifactKey: Guid(6ab19622eb644d7498144ad2f2c11fdd) Importer(815301076,1909f56bfc062723c751e8b465ee728b)
Start importing Assets/Pixel Adventure 1/Assets/Background/z4644937751549_48579b63c84fbdc9d76f2ff5088729ae.jpg using Guid(6ab19622eb644d7498144ad2f2c11fdd) Importer(815301076,1909f56bfc062723c751e8b465ee728b)  -> (artifact id: '2939d489faec30fd98726614848ef88c') in 0.048582 seconds
  Import took 0.055993 seconds .

========================================================================
Received Import Request.
  Time since last request: 95.584039 seconds.
  path: Assets/Pixel Adventure 1/Assets/Background/d_preview_rev_1.png
  artifactKey: Guid(29724fffa1859dc449d648f3505bbee5) Importer(815301076,1909f56bfc062723c751e8b465ee728b)
Start importing Assets/Pixel Adventure 1/Assets/Background/d_preview_rev_1.png using Guid(29724fffa1859dc449d648f3505bbee5) Importer(815301076,1909f56bfc062723c751e8b465ee728b)  -> (artifact id: 'eb1d71b8e26baa7b8aadc423dcd73d94') in 0.051285 seconds
  Import took 0.060498 seconds .

========================================================================
Received Import Request.
  Time since last request: 8.930765 seconds.
  path: Assets/Pixel Adventure 1/Assets/Background/d_preview_rev_1.png
  artifactKey: Guid(29724fffa1859dc449d648f3505bbee5) Importer(815301076,1909f56bfc062723c751e8b465ee728b)
Start importing Assets/Pixel Adventure 1/Assets/Background/d_preview_rev_1.png using Guid(29724fffa1859dc449d648f3505bbee5) Importer(815301076,1909f56bfc062723c751e8b465ee728b)  -> (artifact id: 'a9938b3f15ca6bcc55e4bde18fe090b1') in 0.055468 seconds
  Import took 0.073073 seconds .

========================================================================
Received Import Request.
  Time since last request: 14.649964 seconds.
  path: Assets/Pixel Adventure 1/Assets/Background/d_preview_rev_1.png
  artifactKey: Guid(29724fffa1859dc449d648f3505bbee5) Importer(815301076,1909f56bfc062723c751e8b465ee728b)
Start importing Assets/Pixel Adventure 1/Assets/Background/d_preview_rev_1.png using Guid(29724fffa1859dc449d648f3505bbee5) Importer(815301076,1909f56bfc062723c751e8b465ee728b)  -> (artifact id: 'aba1149047be42624e1cff9eedfa5a69') in 0.059792 seconds
  Import took 0.070110 seconds .

========================================================================
Received Import Request.
  Time since last request: 86.312323 seconds.
  path: Assets/Pixel Adventure 1/Assets/Background/d_preview_rev_1.png
  artifactKey: Guid(29724fffa1859dc449d648f3505bbee5) Importer(815301076,1909f56bfc062723c751e8b465ee728b)
Start importing Assets/Pixel Adventure 1/Assets/Background/d_preview_rev_1.png using Guid(29724fffa1859dc449d648f3505bbee5) Importer(815301076,1909f56bfc062723c751e8b465ee728b)  -> (artifact id: '2321c6448dae4a8331a47040fafe29dc') in 0.046346 seconds
  Import took 0.057445 seconds .

========================================================================
Received Prepare
Registering precompiled user dll's ...
Registered in 0.002034 seconds.
Begin MonoManager ReloadAssembly
Native extension for WindowsStandalone target not found
Refreshing native plugins compatible for Editor in 1.82 ms, found 1 plugins.
Preloading 0 native plugins for Editor in 0.00 ms.
Mono: successfully reloaded assembly
- Completed reload, in  2.371 seconds
Platform modules already initialized, skipping
Refreshing native plugins compatible for Editor in 1.25 ms, found 1 plugins.
Preloading 0 native plugins for Editor in 0.00 ms.
Unloading 1817 Unused Serialized files (Serialized files now loaded: 0)
System memory in use before: 89.1 MB.
System memory in use after: 89.2 MB.

Unloading 7 unused Assets to reduce memory usage. Loaded Objects now: 2322.
Total: 4.375700 ms (FindLiveObjects: 0.644900 ms CreateObjectMapping: 0.298600 ms MarkObjects: 3.287500 ms  DeleteObjects: 0.142000 ms)

========================================================================
Received Prepare
Registering precompiled user dll's ...
Registered in 0.004189 seconds.
Begin MonoManager ReloadAssembly
Native extension for WindowsStandalone target not found
Refreshing native plugins compatible for Editor in 1.01 ms, found 1 plugins.
Preloading 0 native plugins for Editor in 0.00 ms.
Mono: successfully reloaded assembly
- Completed reload, in  2.241 seconds
Platform modules already initialized, skipping
Refreshing native plugins compatible for Editor in 0.65 ms, found 1 plugins.
Preloading 0 native plugins for Editor in 0.00 ms.
Unloading 1817 Unused Serialized files (Serialized files now loaded: 0)
System memory in use before: 89.1 MB.
System memory in use after: 89.2 MB.

Unloading 7 unused Assets to reduce memory usage. Loaded Objects now: 2326.
Total: 3.522300 ms (FindLiveObjects: 0.181800 ms CreateObjectMapping: 0.048800 ms MarkObjects: 3.235700 ms  DeleteObjects: 0.053700 ms)

========================================================================
Received Prepare
Registering precompiled user dll's ...
Registered in 0.001184 seconds.
Begin MonoManager ReloadAssembly
Native extension for WindowsStandalone target not found
Refreshing native plugins compatible for Editor in 0.78 ms, found 1 plugins.
Preloading 0 native plugins for Editor in 0.00 ms.
Mono: successfully reloaded assembly
- Completed reload, in  2.227 seconds
Platform modules already initialized, skipping
Refreshing native plugins compatible for Editor in 0.51 ms, found 1 plugins.
Preloading 0 native plugins for Editor in 0.00 ms.
Unloading 1817 Unused Serialized files (Serialized files now loaded: 0)
System memory in use before: 89.1 MB.
System memory in use after: 89.2 MB.

Unloading 7 unused Assets to reduce memory usage. Loaded Objects now: 2330.
Total: 5.081300 ms (FindLiveObjects: 0.302100 ms CreateObjectMapping: 0.155200 ms MarkObjects: 4.575400 ms  DeleteObjects: 0.045600 ms)

========================================================================
Received Prepare
Refreshing native plugins compatible for Editor in 3.01 ms, found 1 plugins.
Preloading 0 native plugins for Editor in 0.00 ms.
Unloading 5 Unused Serialized files (Serialized files now loaded: 0)
System memory in use before: 53.3 MB.
System memory in use after: 53.4 MB.

Unloading 5 unused Assets to reduce memory usage. Loaded Objects now: 2330.
Total: 2.566300 ms (FindLiveObjects: 0.302500 ms CreateObjectMapping: 0.131200 ms MarkObjects: 2.100900 ms  DeleteObjects: 0.030200 ms)

========================================================================
Received Prepare
Refreshing native plugins compatible for Editor in 3.07 ms, found 1 plugins.
Preloading 0 native plugins for Editor in 0.00 ms.
Unloading 5 Unused Serialized files (Serialized files now loaded: 0)
System memory in use before: 53.3 MB.
System memory in use after: 53.4 MB.

Unloading 5 unused Assets to reduce memory usage. Loaded Objects now: 2330.
Total: 10.872300 ms (FindLiveObjects: 0.252500 ms CreateObjectMapping: 0.055000 ms MarkObjects: 10.509600 ms  DeleteObjects: 0.052600 ms)

========================================================================
Received Prepare
Registering precompiled user dll's ...
Registered in 0.001071 seconds.
Begin MonoManager ReloadAssembly
Native extension for WindowsStandalone target not found
Refreshing native plugins compatible for Editor in 0.45 ms, found 1 plugins.
Preloading 0 native plugins for Editor in 0.00 ms.
Mono: successfully reloaded assembly
- Completed reload, in  1.592 seconds
Platform modules already initialized, skipping
Refreshing native plugins compatible for Editor in 0.76 ms, found 1 plugins.
Preloading 0 native plugins for Editor in 0.00 ms.
Unloading 1817 Unused Serialized files (Serialized files now loaded: 0)
System memory in use before: 89.1 MB.
System memory in use after: 89.3 MB.

Unloading 7 unused Assets to reduce memory usage. Loaded Objects now: 2334.
Total: 6.030500 ms (FindLiveObjects: 0.147000 ms CreateObjectMapping: 0.059100 ms MarkObjects: 5.758500 ms  DeleteObjects: 0.063800 ms)

========================================================================
Received Prepare
Registering precompiled user dll's ...
Registered in 0.001253 seconds.
Begin MonoManager ReloadAssembly
Native extension for WindowsStandalone target not found
Refreshing native plugins compatible for Editor in 0.49 ms, found 1 plugins.
Preloading 0 native plugins for Editor in 0.00 ms.
Mono: successfully reloaded assembly
- Completed reload, in  1.440 seconds
Platform modules already initialized, skipping
Refreshing native plugins compatible for Editor in 0.36 ms, found 1 plugins.
Preloading 0 native plugins for Editor in 0.00 ms.
Unloading 1817 Unused Serialized files (Serialized files now loaded: 0)
System memory in use before: 89.2 MB.
System memory in use after: 89.3 MB.

Unloading 7 unused Assets to reduce memory usage. Loaded Objects now: 2338.
Total: 1.890300 ms (FindLiveObjects: 0.136400 ms CreateObjectMapping: 0.040400 ms MarkObjects: 1.626100 ms  DeleteObjects: 0.086200 ms)

========================================================================
Received Prepare
Refreshing native plugins compatible for Editor in 7.36 ms, found 1 plugins.
Preloading 0 native plugins for Editor in 0.00 ms.
Unloading 5 Unused Serialized files (Serialized files now loaded: 0)
System memory in use before: 53.3 MB.
System memory in use after: 53.4 MB.

Unloading 5 unused Assets to reduce memory usage. Loaded Objects now: 2338.
Total: 14.330600 ms (FindLiveObjects: 5.269300 ms CreateObjectMapping: 1.266300 ms MarkObjects: 7.742600 ms  DeleteObjects: 0.049400 ms)

========================================================================
Received Prepare
Refreshing native plugins compatible for Editor in 8.59 ms, found 1 plugins.
Preloading 0 native plugins for Editor in 0.00 ms.
Unloading 5 Unused Serialized files (Serialized files now loaded: 0)
System memory in use before: 53.3 MB.
System memory in use after: 53.4 MB.

Unloading 5 unused Assets to reduce memory usage. Loaded Objects now: 2338.
Total: 2.437000 ms (FindLiveObjects: 0.220800 ms CreateObjectMapping: 0.058600 ms MarkObjects: 2.122000 ms  DeleteObjects: 0.034300 ms)

========================================================================
Received Prepare
Refreshing native plugins compatible for Editor in 2.36 ms, found 1 plugins.
Preloading 0 native plugins for Editor in 0.00 ms.
Unloading 5 Unused Serialized files (Serialized files now loaded: 0)
System memory in use before: 53.3 MB.
System memory in use after: 53.5 MB.

Unloading 5 unused Assets to reduce memory usage. Loaded Objects now: 2338.
Total: 6.396100 ms (FindLiveObjects: 0.166700 ms CreateObjectMapping: 0.039200 ms MarkObjects: 6.088800 ms  DeleteObjects: 0.096800 ms)

========================================================================
Received Prepare
Refreshing native plugins compatible for Editor in 7.97 ms, found 1 plugins.
Preloading 0 native plugins for Editor in 0.00 ms.
Unloading 5 Unused Serialized files (Serialized files now loaded: 0)
System memory in use before: 53.3 MB.
System memory in use after: 53.5 MB.

Unloading 5 unused Assets to reduce memory usage. Loaded Objects now: 2338.
Total: 4.362000 ms (FindLiveObjects: 0.181500 ms CreateObjectMapping: 0.072500 ms MarkObjects: 4.062300 ms  DeleteObjects: 0.043600 ms)

========================================================================
Received Import Request.
  Time since last request: 724.061760 seconds.
  path: Assets/Scenes/Level 1.unity
  artifactKey: Guid(2cda990e2423bbf4892e6590ba056729) Importer(815301076,1909f56bfc062723c751e8b465ee728b)
Start importing Assets/Scenes/Level 1.unity using Guid(2cda990e2423bbf4892e6590ba056729) Importer(815301076,1909f56bfc062723c751e8b465ee728b)  -> (artifact id: 'd0c3c5cb7d35cb12ce72c782be21d758') in 0.409101 seconds
  Import took 0.420287 seconds .

========================================================================
Received Import Request.
  Time since last request: 0.061915 seconds.
  path: Assets/Scenes/Level 1.unity
  artifactKey: Guid(2cda990e2423bbf4892e6590ba056729) Importer(815301076,1909f56bfc062723c751e8b465ee728b)
Start importing Assets/Scenes/Level 1.unity using Guid(2cda990e2423bbf4892e6590ba056729) Importer(815301076,1909f56bfc062723c751e8b465ee728b)  -> (artifact id: 'd0c3c5cb7d35cb12ce72c782be21d758') in 0.005903 seconds
  Import took 0.034915 seconds .

========================================================================
Received Prepare
Registering precompiled user dll's ...
Registered in 0.002282 seconds.
Begin MonoManager ReloadAssembly
Native extension for WindowsStandalone target not found
Refreshing native plugins compatible for Editor in 0.58 ms, found 1 plugins.
Preloading 0 native plugins for Editor in 0.00 ms.
Mono: successfully reloaded assembly
- Completed reload, in  7.975 seconds
Platform modules already initialized, skipping
Refreshing native plugins compatible for Editor in 0.48 ms, found 1 plugins.
Preloading 0 native plugins for Editor in 0.00 ms.
Unloading 1817 Unused Serialized files (Serialized files now loaded: 0)
System memory in use before: 89.2 MB.
System memory in use after: 89.3 MB.

Unloading 7 unused Assets to reduce memory usage. Loaded Objects now: 2342.
Total: 10.525200 ms (FindLiveObjects: 0.821900 ms CreateObjectMapping: 0.297600 ms MarkObjects: 9.101700 ms  DeleteObjects: 0.299500 ms)

AssetImportWorkerClient::OnTransportError - code=2 error=End of file
